{"C:/aWork/coverage-svg/test-proj/src/sum.js": {"path":"C:/aWork/coverage-svg/test-proj/src/sum.js","statementMap":{"0":{"start":{"line":3,"column":2},"end":{"line":3,"column":14}},"1":{"start":{"line":8,"column":2},"end":{"line":11,"column":34}},"2":{"start":{"line":9,"column":4},"end":{"line":9,"column":22}},"3":{"start":{"line":11,"column":4},"end":{"line":11,"column":34}}},"fnMap":{"0":{"name":"sum","decl":{"start":{"line":2,"column":16},"end":{"line":2,"column":19}},"loc":{"start":{"line":2,"column":26},"end":{"line":4,"column":1}}},"1":{"name":"ifElse","decl":{"start":{"line":6,"column":9},"end":{"line":6,"column":15}},"loc":{"start":{"line":6,"column":22},"end":{"line":12,"column":null}}}},"branchMap":{"0":{"loc":{"start":{"line":8,"column":2},"end":{"line":11,"column":34}},"type":"if","locations":[{"start":{"line":8,"column":2},"end":{"line":11,"column":34}},{"start":{"line":11,"column":4},"end":{"line":11,"column":34}}]}},"s":{"0":1,"1":0,"2":0,"3":0},"f":{"0":1,"1":0},"b":{"0":[0,0]}}
,"C:/aWork/coverage-svg/test-proj/src/package1/sum.js": {"path":"C:/aWork/coverage-svg/test-proj/src/package1/sum.js","statementMap":{"0":{"start":{"line":3,"column":2},"end":{"line":3,"column":14}},"1":{"start":{"line":8,"column":2},"end":{"line":11,"column":34}},"2":{"start":{"line":9,"column":4},"end":{"line":9,"column":22}},"3":{"start":{"line":11,"column":4},"end":{"line":11,"column":34}}},"fnMap":{"0":{"name":"sum","decl":{"start":{"line":2,"column":16},"end":{"line":2,"column":19}},"loc":{"start":{"line":2,"column":26},"end":{"line":4,"column":1}}},"1":{"name":"ifElse","decl":{"start":{"line":6,"column":9},"end":{"line":6,"column":15}},"loc":{"start":{"line":6,"column":22},"end":{"line":12,"column":null}}}},"branchMap":{"0":{"loc":{"start":{"line":8,"column":2},"end":{"line":11,"column":34}},"type":"if","locations":[{"start":{"line":8,"column":2},"end":{"line":11,"column":34}},{"start":{"line":11,"column":4},"end":{"line":11,"column":34}}]}},"s":{"0":1,"1":0,"2":0,"3":0},"f":{"0":1,"1":0},"b":{"0":[0,0]}}
,"C:/aWork/coverage-svg/test-proj/src/package2/ifElse.js": {"path":"C:/aWork/coverage-svg/test-proj/src/package2/ifElse.js","statementMap":{"0":{"start":{"line":6,"column":4},"end":{"line":9,"column":40}},"1":{"start":{"line":7,"column":8},"end":{"line":7,"column":28}},"2":{"start":{"line":9,"column":8},"end":{"line":9,"column":40}},"3":{"start":{"line":11,"column":4},"end":{"line":11,"column":98}},"4":{"start":{"line":16,"column":4},"end":{"line":19,"column":5}},"5":{"start":{"line":18,"column":8},"end":{"line":18,"column":29}},"6":{"start":{"line":20,"column":4},"end":{"line":20,"column":13}},"7":{"start":{"line":25,"column":14},"end":{"line":25,"column":18}},"8":{"start":{"line":25,"column":24},"end":{"line":25,"column":28}},"9":{"start":{"line":26,"column":4},"end":{"line":26,"column":22}},"10":{"start":{"line":27,"column":4},"end":{"line":27,"column":13}}},"fnMap":{"0":{"name":"ifElse","decl":{"start":{"line":3,"column":16},"end":{"line":3,"column":22}},"loc":{"start":{"line":4,"column":0},"end":{"line":12,"column":1}}},"1":{"name":"toString","decl":{"start":{"line":14,"column":9},"end":{"line":14,"column":17}},"loc":{"start":{"line":15,"column":0},"end":{"line":21,"column":1}}},"2":{"name":"notTested","decl":{"start":{"line":23,"column":9},"end":{"line":23,"column":18}},"loc":{"start":{"line":24,"column":0},"end":{"line":28,"column":null}}}},"branchMap":{"0":{"loc":{"start":{"line":6,"column":4},"end":{"line":9,"column":40}},"type":"if","locations":[{"start":{"line":6,"column":4},"end":{"line":9,"column":40}},{"start":{"line":9,"column":8},"end":{"line":9,"column":40}}]},"1":{"loc":{"start":{"line":11,"column":13},"end":{"line":11,"column":96}},"type":"cond-expr","locations":[{"start":{"line":11,"column":21},"end":{"line":11,"column":75}},{"start":{"line":11,"column":78},"end":{"line":11,"column":96}}]},"2":{"loc":{"start":{"line":11,"column":35},"end":{"line":11,"column":72}},"type":"cond-expr","locations":[{"start":{"line":11,"column":49},"end":{"line":11,"column":54}},{"start":{"line":11,"column":57},"end":{"line":11,"column":72}}]},"3":{"loc":{"start":{"line":16,"column":4},"end":{"line":19,"column":5}},"type":"if","locations":[{"start":{"line":16,"column":4},"end":{"line":19,"column":5}},{"start":{"line":16,"column":4},"end":{"line":19,"column":5}}]}},"s":{"0":2,"1":1,"2":1,"3":2,"4":0,"5":0,"6":0,"7":0,"8":0,"9":0,"10":0},"f":{"0":2,"1":0,"2":0},"b":{"0":[1,1],"1":[1,1],"2":[1,0],"3":[0,0]}}
,"C:/aWork/coverage-svg/test-proj/src/package2/sum.js": {"path":"C:/aWork/coverage-svg/test-proj/src/package2/sum.js","statementMap":{"0":{"start":{"line":3,"column":2},"end":{"line":3,"column":14}},"1":{"start":{"line":8,"column":2},"end":{"line":11,"column":34}},"2":{"start":{"line":9,"column":4},"end":{"line":9,"column":22}},"3":{"start":{"line":11,"column":4},"end":{"line":11,"column":34}}},"fnMap":{"0":{"name":"sum","decl":{"start":{"line":2,"column":16},"end":{"line":2,"column":19}},"loc":{"start":{"line":2,"column":26},"end":{"line":4,"column":1}}},"1":{"name":"ifElse","decl":{"start":{"line":6,"column":9},"end":{"line":6,"column":15}},"loc":{"start":{"line":6,"column":22},"end":{"line":12,"column":null}}}},"branchMap":{"0":{"loc":{"start":{"line":8,"column":2},"end":{"line":11,"column":34}},"type":"if","locations":[{"start":{"line":8,"column":2},"end":{"line":11,"column":34}},{"start":{"line":11,"column":4},"end":{"line":11,"column":34}}]}},"s":{"0":1,"1":0,"2":0,"3":0},"f":{"0":1,"1":0},"b":{"0":[0,0]}}
}
